<?xml version="1.0" encoding="UTF-8"?>
<testsuite xmlns:xsi="http://www.w3.org/2001/XMLSchema-instance" xsi:noNamespaceSchemaLocation="https://maven.apache.org/surefire/maven-failsafe-plugin/xsd/failsafe-test-report.xsd" name="br.com.rd.authbase.AuthbaseIT" time="9.694" tests="1" errors="0" skipped="0" failures="0">
  <properties>
    <property name="sun.desktop" value="gnome"/>
    <property name="awt.toolkit" value="sun.awt.X11.XToolkit"/>
    <property name="java.specification.version" value="11"/>
    <property name="sun.cpu.isalist" value=""/>
    <property name="sun.jnu.encoding" value="UTF-8"/>
    <property name="java.class.path" value="/home/sergio.121131/arquitetura/pocs/oms-oauth-server/target/test-classes:/home/sergio.121131/arquitetura/pocs/oms-oauth-server/target/classes:/home/sergio.121131/.m2/repository/org/springframework/boot/spring-boot-starter-web/2.1.8.RELEASE/spring-boot-starter-web-2.1.8.RELEASE.jar:/home/sergio.121131/.m2/repository/org/springframework/boot/spring-boot-starter/2.1.8.RELEASE/spring-boot-starter-2.1.8.RELEASE.jar:/home/sergio.121131/.m2/repository/org/springframework/boot/spring-boot-starter-logging/2.1.8.RELEASE/spring-boot-starter-logging-2.1.8.RELEASE.jar:/home/sergio.121131/.m2/repository/ch/qos/logback/logback-classic/1.2.3/logback-classic-1.2.3.jar:/home/sergio.121131/.m2/repository/ch/qos/logback/logback-core/1.2.3/logback-core-1.2.3.jar:/home/sergio.121131/.m2/repository/org/apache/logging/log4j/log4j-to-slf4j/2.11.2/log4j-to-slf4j-2.11.2.jar:/home/sergio.121131/.m2/repository/org/apache/logging/log4j/log4j-api/2.11.2/log4j-api-2.11.2.jar:/home/sergio.121131/.m2/repository/org/slf4j/jul-to-slf4j/1.7.28/jul-to-slf4j-1.7.28.jar:/home/sergio.121131/.m2/repository/javax/annotation/javax.annotation-api/1.3.2/javax.annotation-api-1.3.2.jar:/home/sergio.121131/.m2/repository/org/yaml/snakeyaml/1.23/snakeyaml-1.23.jar:/home/sergio.121131/.m2/repository/org/springframework/boot/spring-boot-starter-json/2.1.8.RELEASE/spring-boot-starter-json-2.1.8.RELEASE.jar:/home/sergio.121131/.m2/repository/com/fasterxml/jackson/datatype/jackson-datatype-jdk8/2.9.9/jackson-datatype-jdk8-2.9.9.jar:/home/sergio.121131/.m2/repository/com/fasterxml/jackson/datatype/jackson-datatype-jsr310/2.9.9/jackson-datatype-jsr310-2.9.9.jar:/home/sergio.121131/.m2/repository/com/fasterxml/jackson/module/jackson-module-parameter-names/2.9.9/jackson-module-parameter-names-2.9.9.jar:/home/sergio.121131/.m2/repository/org/springframework/boot/spring-boot-starter-tomcat/2.1.8.RELEASE/spring-boot-starter-tomcat-2.1.8.RELEASE.jar:/home/sergio.121131/.m2/repository/org/apache/tomcat/embed/tomcat-embed-core/9.0.24/tomcat-embed-core-9.0.24.jar:/home/sergio.121131/.m2/repository/org/apache/tomcat/embed/tomcat-embed-el/9.0.24/tomcat-embed-el-9.0.24.jar:/home/sergio.121131/.m2/repository/org/apache/tomcat/embed/tomcat-embed-websocket/9.0.24/tomcat-embed-websocket-9.0.24.jar:/home/sergio.121131/.m2/repository/org/hibernate/validator/hibernate-validator/6.0.17.Final/hibernate-validator-6.0.17.Final.jar:/home/sergio.121131/.m2/repository/javax/validation/validation-api/2.0.1.Final/validation-api-2.0.1.Final.jar:/home/sergio.121131/.m2/repository/org/jboss/logging/jboss-logging/3.3.3.Final/jboss-logging-3.3.3.Final.jar:/home/sergio.121131/.m2/repository/org/springframework/spring-web/5.1.9.RELEASE/spring-web-5.1.9.RELEASE.jar:/home/sergio.121131/.m2/repository/org/springframework/spring-beans/5.1.9.RELEASE/spring-beans-5.1.9.RELEASE.jar:/home/sergio.121131/.m2/repository/org/springframework/spring-webmvc/5.1.9.RELEASE/spring-webmvc-5.1.9.RELEASE.jar:/home/sergio.121131/.m2/repository/org/springframework/spring-aop/5.1.9.RELEASE/spring-aop-5.1.9.RELEASE.jar:/home/sergio.121131/.m2/repository/org/springframework/spring-context/5.1.9.RELEASE/spring-context-5.1.9.RELEASE.jar:/home/sergio.121131/.m2/repository/org/springframework/spring-expression/5.1.9.RELEASE/spring-expression-5.1.9.RELEASE.jar:/home/sergio.121131/.m2/repository/org/projectlombok/lombok/1.18.8/lombok-1.18.8.jar:/home/sergio.121131/.m2/repository/com/fasterxml/jackson/dataformat/jackson-dataformat-xml/2.9.9/jackson-dataformat-xml-2.9.9.jar:/home/sergio.121131/.m2/repository/com/fasterxml/jackson/core/jackson-core/2.9.9/jackson-core-2.9.9.jar:/home/sergio.121131/.m2/repository/com/fasterxml/jackson/core/jackson-annotations/2.9.0/jackson-annotations-2.9.0.jar:/home/sergio.121131/.m2/repository/com/fasterxml/jackson/core/jackson-databind/2.9.9.3/jackson-databind-2.9.9.3.jar:/home/sergio.121131/.m2/repository/com/fasterxml/jackson/module/jackson-module-jaxb-annotations/2.9.9/jackson-module-jaxb-annotations-2.9.9.jar:/home/sergio.121131/.m2/repository/org/codehaus/woodstox/stax2-api/3.1.4/stax2-api-3.1.4.jar:/home/sergio.121131/.m2/repository/com/fasterxml/woodstox/woodstox-core/5.0.3/woodstox-core-5.0.3.jar:/home/sergio.121131/.m2/repository/org/springframework/boot/spring-boot-starter-actuator/2.1.8.RELEASE/spring-boot-starter-actuator-2.1.8.RELEASE.jar:/home/sergio.121131/.m2/repository/org/springframework/boot/spring-boot-actuator-autoconfigure/2.1.8.RELEASE/spring-boot-actuator-autoconfigure-2.1.8.RELEASE.jar:/home/sergio.121131/.m2/repository/org/springframework/boot/spring-boot-actuator/2.1.8.RELEASE/spring-boot-actuator-2.1.8.RELEASE.jar:/home/sergio.121131/.m2/repository/io/micrometer/micrometer-core/1.1.6/micrometer-core-1.1.6.jar:/home/sergio.121131/.m2/repository/org/hdrhistogram/HdrHistogram/2.1.9/HdrHistogram-2.1.9.jar:/home/sergio.121131/.m2/repository/org/latencyutils/LatencyUtils/2.0.3/LatencyUtils-2.0.3.jar:/home/sergio.121131/.m2/repository/org/springframework/boot/spring-boot-devtools/2.1.8.RELEASE/spring-boot-devtools-2.1.8.RELEASE.jar:/home/sergio.121131/.m2/repository/org/springframework/boot/spring-boot/2.1.8.RELEASE/spring-boot-2.1.8.RELEASE.jar:/home/sergio.121131/.m2/repository/org/springframework/boot/spring-boot-autoconfigure/2.1.8.RELEASE/spring-boot-autoconfigure-2.1.8.RELEASE.jar:/home/sergio.121131/.m2/repository/org/springframework/cloud/spring-cloud-starter-openfeign/2.1.2.RELEASE/spring-cloud-starter-openfeign-2.1.2.RELEASE.jar:/home/sergio.121131/.m2/repository/org/springframework/cloud/spring-cloud-starter/2.1.2.RELEASE/spring-cloud-starter-2.1.2.RELEASE.jar:/home/sergio.121131/.m2/repository/org/springframework/cloud/spring-cloud-context/2.1.2.RELEASE/spring-cloud-context-2.1.2.RELEASE.jar:/home/sergio.121131/.m2/repository/org/springframework/security/spring-security-rsa/1.0.7.RELEASE/spring-security-rsa-1.0.7.RELEASE.jar:/home/sergio.121131/.m2/repository/org/bouncycastle/bcpkix-jdk15on/1.60/bcpkix-jdk15on-1.60.jar:/home/sergio.121131/.m2/repository/org/bouncycastle/bcprov-jdk15on/1.60/bcprov-jdk15on-1.60.jar:/home/sergio.121131/.m2/repository/org/springframework/cloud/spring-cloud-openfeign-core/2.1.2.RELEASE/spring-cloud-openfeign-core-2.1.2.RELEASE.jar:/home/sergio.121131/.m2/repository/org/springframework/cloud/spring-cloud-netflix-ribbon/2.1.2.RELEASE/spring-cloud-netflix-ribbon-2.1.2.RELEASE.jar:/home/sergio.121131/.m2/repository/org/springframework/cloud/spring-cloud-netflix-archaius/2.1.2.RELEASE/spring-cloud-netflix-archaius-2.1.2.RELEASE.jar:/home/sergio.121131/.m2/repository/org/springframework/boot/spring-boot-starter-aop/2.1.8.RELEASE/spring-boot-starter-aop-2.1.8.RELEASE.jar:/home/sergio.121131/.m2/repository/org/aspectj/aspectjweaver/1.9.4/aspectjweaver-1.9.4.jar:/home/sergio.121131/.m2/repository/io/github/openfeign/form/feign-form-spring/3.8.0/feign-form-spring-3.8.0.jar:/home/sergio.121131/.m2/repository/io/github/openfeign/form/feign-form/3.8.0/feign-form-3.8.0.jar:/home/sergio.121131/.m2/repository/commons-fileupload/commons-fileupload/1.4/commons-fileupload-1.4.jar:/home/sergio.121131/.m2/repository/commons-io/commons-io/2.2/commons-io-2.2.jar:/home/sergio.121131/.m2/repository/org/springframework/cloud/spring-cloud-commons/2.1.2.RELEASE/spring-cloud-commons-2.1.2.RELEASE.jar:/home/sergio.121131/.m2/repository/org/springframework/security/spring-security-crypto/5.1.6.RELEASE/spring-security-crypto-5.1.6.RELEASE.jar:/home/sergio.121131/.m2/repository/io/github/openfeign/feign-core/10.2.3/feign-core-10.2.3.jar:/home/sergio.121131/.m2/repository/io/github/openfeign/feign-slf4j/10.2.3/feign-slf4j-10.2.3.jar:/home/sergio.121131/.m2/repository/io/github/openfeign/feign-hystrix/10.2.3/feign-hystrix-10.2.3.jar:/home/sergio.121131/.m2/repository/com/netflix/archaius/archaius-core/0.7.6/archaius-core-0.7.6.jar:/home/sergio.121131/.m2/repository/com/google/code/findbugs/jsr305/3.0.1/jsr305-3.0.1.jar:/home/sergio.121131/.m2/repository/commons-configuration/commons-configuration/1.8/commons-configuration-1.8.jar:/home/sergio.121131/.m2/repository/commons-lang/commons-lang/2.6/commons-lang-2.6.jar:/home/sergio.121131/.m2/repository/com/netflix/hystrix/hystrix-core/1.5.18/hystrix-core-1.5.18.jar:/home/sergio.121131/.m2/repository/io/reactivex/rxjava/1.3.8/rxjava-1.3.8.jar:/home/sergio.121131/.m2/repository/io/github/openfeign/feign-httpclient/10.2.3/feign-httpclient-10.2.3.jar:/home/sergio.121131/.m2/repository/org/springframework/boot/spring-boot-starter-test/2.1.8.RELEASE/spring-boot-starter-test-2.1.8.RELEASE.jar:/home/sergio.121131/.m2/repository/org/springframework/boot/spring-boot-test/2.1.8.RELEASE/spring-boot-test-2.1.8.RELEASE.jar:/home/sergio.121131/.m2/repository/org/springframework/boot/spring-boot-test-autoconfigure/2.1.8.RELEASE/spring-boot-test-autoconfigure-2.1.8.RELEASE.jar:/home/sergio.121131/.m2/repository/com/jayway/jsonpath/json-path/2.4.0/json-path-2.4.0.jar:/home/sergio.121131/.m2/repository/net/minidev/json-smart/2.3/json-smart-2.3.jar:/home/sergio.121131/.m2/repository/net/minidev/accessors-smart/1.2/accessors-smart-1.2.jar:/home/sergio.121131/.m2/repository/org/ow2/asm/asm/5.0.4/asm-5.0.4.jar:/home/sergio.121131/.m2/repository/junit/junit/4.12/junit-4.12.jar:/home/sergio.121131/.m2/repository/org/hamcrest/hamcrest-core/1.3/hamcrest-core-1.3.jar:/home/sergio.121131/.m2/repository/org/skyscreamer/jsonassert/1.5.0/jsonassert-1.5.0.jar:/home/sergio.121131/.m2/repository/com/vaadin/external/google/android-json/0.0.20131108.vaadin1/android-json-0.0.20131108.vaadin1.jar:/home/sergio.121131/.m2/repository/org/springframework/spring-core/5.1.9.RELEASE/spring-core-5.1.9.RELEASE.jar:/home/sergio.121131/.m2/repository/org/springframework/spring-jcl/5.1.9.RELEASE/spring-jcl-5.1.9.RELEASE.jar:/home/sergio.121131/.m2/repository/org/springframework/spring-test/5.1.9.RELEASE/spring-test-5.1.9.RELEASE.jar:/home/sergio.121131/.m2/repository/org/xmlunit/xmlunit-core/2.6.3/xmlunit-core-2.6.3.jar:/home/sergio.121131/.m2/repository/javax/xml/bind/jaxb-api/2.3.1/jaxb-api-2.3.1.jar:/home/sergio.121131/.m2/repository/javax/activation/javax.activation-api/1.2.0/javax.activation-api-1.2.0.jar:/home/sergio.121131/.m2/repository/org/junit/jupiter/junit-jupiter-api/5.3.2/junit-jupiter-api-5.3.2.jar:/home/sergio.121131/.m2/repository/org/apiguardian/apiguardian-api/1.0.0/apiguardian-api-1.0.0.jar:/home/sergio.121131/.m2/repository/org/opentest4j/opentest4j/1.1.1/opentest4j-1.1.1.jar:/home/sergio.121131/.m2/repository/org/junit/platform/junit-platform-commons/1.3.2/junit-platform-commons-1.3.2.jar:/home/sergio.121131/.m2/repository/org/junit/jupiter/junit-jupiter-engine/5.3.2/junit-jupiter-engine-5.3.2.jar:/home/sergio.121131/.m2/repository/org/junit/platform/junit-platform-engine/1.3.2/junit-platform-engine-1.3.2.jar:/home/sergio.121131/.m2/repository/org/mockito/mockito-core/3.0.0/mockito-core-3.0.0.jar:/home/sergio.121131/.m2/repository/net/bytebuddy/byte-buddy/1.9.16/byte-buddy-1.9.16.jar:/home/sergio.121131/.m2/repository/net/bytebuddy/byte-buddy-agent/1.9.16/byte-buddy-agent-1.9.16.jar:/home/sergio.121131/.m2/repository/org/objenesis/objenesis/2.6/objenesis-2.6.jar:/home/sergio.121131/.m2/repository/org/mockito/mockito-junit-jupiter/3.0.0/mockito-junit-jupiter-3.0.0.jar:/home/sergio.121131/.m2/repository/org/assertj/assertj-core/3.13.2/assertj-core-3.13.2.jar:/home/sergio.121131/.m2/repository/org/hamcrest/hamcrest-library/2.1/hamcrest-library-2.1.jar:/home/sergio.121131/.m2/repository/org/springframework/boot/spring-boot-starter-hateoas/2.1.8.RELEASE/spring-boot-starter-hateoas-2.1.8.RELEASE.jar:/home/sergio.121131/.m2/repository/org/springframework/hateoas/spring-hateoas/0.25.2.RELEASE/spring-hateoas-0.25.2.RELEASE.jar:/home/sergio.121131/.m2/repository/org/springframework/plugin/spring-plugin-core/1.2.0.RELEASE/spring-plugin-core-1.2.0.RELEASE.jar:/home/sergio.121131/.m2/repository/org/apache/commons/commons-lang3/3.9/commons-lang3-3.9.jar:/home/sergio.121131/.m2/repository/io/springfox/springfox-swagger2/2.9.2/springfox-swagger2-2.9.2.jar:/home/sergio.121131/.m2/repository/io/swagger/swagger-annotations/1.5.20/swagger-annotations-1.5.20.jar:/home/sergio.121131/.m2/repository/io/swagger/swagger-models/1.5.20/swagger-models-1.5.20.jar:/home/sergio.121131/.m2/repository/io/springfox/springfox-spi/2.9.2/springfox-spi-2.9.2.jar:/home/sergio.121131/.m2/repository/io/springfox/springfox-core/2.9.2/springfox-core-2.9.2.jar:/home/sergio.121131/.m2/repository/io/springfox/springfox-schema/2.9.2/springfox-schema-2.9.2.jar:/home/sergio.121131/.m2/repository/io/springfox/springfox-swagger-common/2.9.2/springfox-swagger-common-2.9.2.jar:/home/sergio.121131/.m2/repository/io/springfox/springfox-spring-web/2.9.2/springfox-spring-web-2.9.2.jar:/home/sergio.121131/.m2/repository/com/google/guava/guava/20.0/guava-20.0.jar:/home/sergio.121131/.m2/repository/com/fasterxml/classmate/1.4.0/classmate-1.4.0.jar:/home/sergio.121131/.m2/repository/org/slf4j/slf4j-api/1.7.28/slf4j-api-1.7.28.jar:/home/sergio.121131/.m2/repository/org/springframework/plugin/spring-plugin-metadata/1.2.0.RELEASE/spring-plugin-metadata-1.2.0.RELEASE.jar:/home/sergio.121131/.m2/repository/org/mapstruct/mapstruct/1.2.0.Final/mapstruct-1.2.0.Final.jar:/home/sergio.121131/.m2/repository/io/springfox/springfox-swagger-ui/2.9.2/springfox-swagger-ui-2.9.2.jar:/home/sergio.121131/.m2/repository/br/com/rd/customlibs/observability-lib/1.1.0/observability-lib-1.1.0.jar:/home/sergio.121131/.m2/repository/com/newrelic/agent/java/newrelic-api/5.6.0/newrelic-api-5.6.0.jar:/home/sergio.121131/.m2/repository/io/micrometer/micrometer-registry-new-relic/1.1.6/micrometer-registry-new-relic-1.1.6.jar:/home/sergio.121131/.m2/repository/br/com/rd/customlibs/swagger-lib/1.0.0/swagger-lib-1.0.0.jar:/home/sergio.121131/.m2/repository/org/apache/httpcomponents/httpclient/4.5.8/httpclient-4.5.8.jar:/home/sergio.121131/.m2/repository/org/apache/httpcomponents/httpcore/4.4.12/httpcore-4.4.12.jar:/home/sergio.121131/.m2/repository/commons-codec/commons-codec/1.11/commons-codec-1.11.jar:/home/sergio.121131/.m2/repository/org/springframework/cloud/spring-cloud-starter-kubernetes/1.1.6.RELEASE/spring-cloud-starter-kubernetes-1.1.6.RELEASE.jar:/home/sergio.121131/.m2/repository/org/springframework/cloud/spring-cloud-kubernetes-core/1.0.2.RELEASE/spring-cloud-kubernetes-core-1.0.2.RELEASE.jar:/home/sergio.121131/.m2/repository/io/fabric8/kubernetes-client/4.1.0/kubernetes-client-4.1.0.jar:/home/sergio.121131/.m2/repository/io/fabric8/kubernetes-model/4.1.0/kubernetes-model-4.1.0.jar:/home/sergio.121131/.m2/repository/com/squareup/okhttp3/okhttp/3.8.1/okhttp-3.8.1.jar:/home/sergio.121131/.m2/repository/com/squareup/okio/okio/1.13.0/okio-1.13.0.jar:/home/sergio.121131/.m2/repository/com/squareup/okhttp3/logging-interceptor/3.8.1/logging-interceptor-3.8.1.jar:/home/sergio.121131/.m2/repository/com/fasterxml/jackson/dataformat/jackson-dataformat-yaml/2.9.9/jackson-dataformat-yaml-2.9.9.jar:/home/sergio.121131/.m2/repository/io/fabric8/zjsonpatch/0.3.0/zjsonpatch-0.3.0.jar:/home/sergio.121131/.m2/repository/com/github/mifmif/generex/1.0.1/generex-1.0.1.jar:/home/sergio.121131/.m2/repository/dk/brics/automaton/automaton/1.11-8/automaton-1.11-8.jar:/home/sergio.121131/.m2/repository/org/springframework/cloud/spring-cloud-kubernetes-discovery/1.0.2.RELEASE/spring-cloud-kubernetes-discovery-1.0.2.RELEASE.jar:"/>
    <property name="java.vm.vendor" value="Ubuntu"/>
    <property name="sun.arch.data.model" value="64"/>
    <property name="java.vendor.url" value="https://ubuntu.com/"/>
    <property name="user.timezone" value=""/>
    <property name="java.vm.specification.version" value="11"/>
    <property name="os.name" value="Linux"/>
    <property name="sun.java.launcher" value="SUN_STANDARD"/>
    <property name="user.country" value="BR"/>
    <property name="sun.boot.library.path" value="/usr/lib/jvm/java-11-openjdk-amd64/lib"/>
    <property name="sun.java.command" value="/home/sergio.121131/arquitetura/pocs/oms-oauth-server/target/surefire/surefirebooter10487644705156013534.jar /home/sergio.121131/arquitetura/pocs/oms-oauth-server/target/surefire 2021-10-18T18-30-46_705-jvmRun1 surefire6099886191066676274tmp surefire_117555393730747855601tmp"/>
    <property name="jdk.debug" value="release"/>
    <property name="surefire.test.class.path" value="/home/sergio.121131/arquitetura/pocs/oms-oauth-server/target/test-classes:/home/sergio.121131/arquitetura/pocs/oms-oauth-server/target/classes:/home/sergio.121131/.m2/repository/org/springframework/boot/spring-boot-starter-web/2.1.8.RELEASE/spring-boot-starter-web-2.1.8.RELEASE.jar:/home/sergio.121131/.m2/repository/org/springframework/boot/spring-boot-starter/2.1.8.RELEASE/spring-boot-starter-2.1.8.RELEASE.jar:/home/sergio.121131/.m2/repository/org/springframework/boot/spring-boot-starter-logging/2.1.8.RELEASE/spring-boot-starter-logging-2.1.8.RELEASE.jar:/home/sergio.121131/.m2/repository/ch/qos/logback/logback-classic/1.2.3/logback-classic-1.2.3.jar:/home/sergio.121131/.m2/repository/ch/qos/logback/logback-core/1.2.3/logback-core-1.2.3.jar:/home/sergio.121131/.m2/repository/org/apache/logging/log4j/log4j-to-slf4j/2.11.2/log4j-to-slf4j-2.11.2.jar:/home/sergio.121131/.m2/repository/org/apache/logging/log4j/log4j-api/2.11.2/log4j-api-2.11.2.jar:/home/sergio.121131/.m2/repository/org/slf4j/jul-to-slf4j/1.7.28/jul-to-slf4j-1.7.28.jar:/home/sergio.121131/.m2/repository/javax/annotation/javax.annotation-api/1.3.2/javax.annotation-api-1.3.2.jar:/home/sergio.121131/.m2/repository/org/yaml/snakeyaml/1.23/snakeyaml-1.23.jar:/home/sergio.121131/.m2/repository/org/springframework/boot/spring-boot-starter-json/2.1.8.RELEASE/spring-boot-starter-json-2.1.8.RELEASE.jar:/home/sergio.121131/.m2/repository/com/fasterxml/jackson/datatype/jackson-datatype-jdk8/2.9.9/jackson-datatype-jdk8-2.9.9.jar:/home/sergio.121131/.m2/repository/com/fasterxml/jackson/datatype/jackson-datatype-jsr310/2.9.9/jackson-datatype-jsr310-2.9.9.jar:/home/sergio.121131/.m2/repository/com/fasterxml/jackson/module/jackson-module-parameter-names/2.9.9/jackson-module-parameter-names-2.9.9.jar:/home/sergio.121131/.m2/repository/org/springframework/boot/spring-boot-starter-tomcat/2.1.8.RELEASE/spring-boot-starter-tomcat-2.1.8.RELEASE.jar:/home/sergio.121131/.m2/repository/org/apache/tomcat/embed/tomcat-embed-core/9.0.24/tomcat-embed-core-9.0.24.jar:/home/sergio.121131/.m2/repository/org/apache/tomcat/embed/tomcat-embed-el/9.0.24/tomcat-embed-el-9.0.24.jar:/home/sergio.121131/.m2/repository/org/apache/tomcat/embed/tomcat-embed-websocket/9.0.24/tomcat-embed-websocket-9.0.24.jar:/home/sergio.121131/.m2/repository/org/hibernate/validator/hibernate-validator/6.0.17.Final/hibernate-validator-6.0.17.Final.jar:/home/sergio.121131/.m2/repository/javax/validation/validation-api/2.0.1.Final/validation-api-2.0.1.Final.jar:/home/sergio.121131/.m2/repository/org/jboss/logging/jboss-logging/3.3.3.Final/jboss-logging-3.3.3.Final.jar:/home/sergio.121131/.m2/repository/org/springframework/spring-web/5.1.9.RELEASE/spring-web-5.1.9.RELEASE.jar:/home/sergio.121131/.m2/repository/org/springframework/spring-beans/5.1.9.RELEASE/spring-beans-5.1.9.RELEASE.jar:/home/sergio.121131/.m2/repository/org/springframework/spring-webmvc/5.1.9.RELEASE/spring-webmvc-5.1.9.RELEASE.jar:/home/sergio.121131/.m2/repository/org/springframework/spring-aop/5.1.9.RELEASE/spring-aop-5.1.9.RELEASE.jar:/home/sergio.121131/.m2/repository/org/springframework/spring-context/5.1.9.RELEASE/spring-context-5.1.9.RELEASE.jar:/home/sergio.121131/.m2/repository/org/springframework/spring-expression/5.1.9.RELEASE/spring-expression-5.1.9.RELEASE.jar:/home/sergio.121131/.m2/repository/org/projectlombok/lombok/1.18.8/lombok-1.18.8.jar:/home/sergio.121131/.m2/repository/com/fasterxml/jackson/dataformat/jackson-dataformat-xml/2.9.9/jackson-dataformat-xml-2.9.9.jar:/home/sergio.121131/.m2/repository/com/fasterxml/jackson/core/jackson-core/2.9.9/jackson-core-2.9.9.jar:/home/sergio.121131/.m2/repository/com/fasterxml/jackson/core/jackson-annotations/2.9.0/jackson-annotations-2.9.0.jar:/home/sergio.121131/.m2/repository/com/fasterxml/jackson/core/jackson-databind/2.9.9.3/jackson-databind-2.9.9.3.jar:/home/sergio.121131/.m2/repository/com/fasterxml/jackson/module/jackson-module-jaxb-annotations/2.9.9/jackson-module-jaxb-annotations-2.9.9.jar:/home/sergio.121131/.m2/repository/org/codehaus/woodstox/stax2-api/3.1.4/stax2-api-3.1.4.jar:/home/sergio.121131/.m2/repository/com/fasterxml/woodstox/woodstox-core/5.0.3/woodstox-core-5.0.3.jar:/home/sergio.121131/.m2/repository/org/springframework/boot/spring-boot-starter-actuator/2.1.8.RELEASE/spring-boot-starter-actuator-2.1.8.RELEASE.jar:/home/sergio.121131/.m2/repository/org/springframework/boot/spring-boot-actuator-autoconfigure/2.1.8.RELEASE/spring-boot-actuator-autoconfigure-2.1.8.RELEASE.jar:/home/sergio.121131/.m2/repository/org/springframework/boot/spring-boot-actuator/2.1.8.RELEASE/spring-boot-actuator-2.1.8.RELEASE.jar:/home/sergio.121131/.m2/repository/io/micrometer/micrometer-core/1.1.6/micrometer-core-1.1.6.jar:/home/sergio.121131/.m2/repository/org/hdrhistogram/HdrHistogram/2.1.9/HdrHistogram-2.1.9.jar:/home/sergio.121131/.m2/repository/org/latencyutils/LatencyUtils/2.0.3/LatencyUtils-2.0.3.jar:/home/sergio.121131/.m2/repository/org/springframework/boot/spring-boot-devtools/2.1.8.RELEASE/spring-boot-devtools-2.1.8.RELEASE.jar:/home/sergio.121131/.m2/repository/org/springframework/boot/spring-boot/2.1.8.RELEASE/spring-boot-2.1.8.RELEASE.jar:/home/sergio.121131/.m2/repository/org/springframework/boot/spring-boot-autoconfigure/2.1.8.RELEASE/spring-boot-autoconfigure-2.1.8.RELEASE.jar:/home/sergio.121131/.m2/repository/org/springframework/cloud/spring-cloud-starter-openfeign/2.1.2.RELEASE/spring-cloud-starter-openfeign-2.1.2.RELEASE.jar:/home/sergio.121131/.m2/repository/org/springframework/cloud/spring-cloud-starter/2.1.2.RELEASE/spring-cloud-starter-2.1.2.RELEASE.jar:/home/sergio.121131/.m2/repository/org/springframework/cloud/spring-cloud-context/2.1.2.RELEASE/spring-cloud-context-2.1.2.RELEASE.jar:/home/sergio.121131/.m2/repository/org/springframework/security/spring-security-rsa/1.0.7.RELEASE/spring-security-rsa-1.0.7.RELEASE.jar:/home/sergio.121131/.m2/repository/org/bouncycastle/bcpkix-jdk15on/1.60/bcpkix-jdk15on-1.60.jar:/home/sergio.121131/.m2/repository/org/bouncycastle/bcprov-jdk15on/1.60/bcprov-jdk15on-1.60.jar:/home/sergio.121131/.m2/repository/org/springframework/cloud/spring-cloud-openfeign-core/2.1.2.RELEASE/spring-cloud-openfeign-core-2.1.2.RELEASE.jar:/home/sergio.121131/.m2/repository/org/springframework/cloud/spring-cloud-netflix-ribbon/2.1.2.RELEASE/spring-cloud-netflix-ribbon-2.1.2.RELEASE.jar:/home/sergio.121131/.m2/repository/org/springframework/cloud/spring-cloud-netflix-archaius/2.1.2.RELEASE/spring-cloud-netflix-archaius-2.1.2.RELEASE.jar:/home/sergio.121131/.m2/repository/org/springframework/boot/spring-boot-starter-aop/2.1.8.RELEASE/spring-boot-starter-aop-2.1.8.RELEASE.jar:/home/sergio.121131/.m2/repository/org/aspectj/aspectjweaver/1.9.4/aspectjweaver-1.9.4.jar:/home/sergio.121131/.m2/repository/io/github/openfeign/form/feign-form-spring/3.8.0/feign-form-spring-3.8.0.jar:/home/sergio.121131/.m2/repository/io/github/openfeign/form/feign-form/3.8.0/feign-form-3.8.0.jar:/home/sergio.121131/.m2/repository/commons-fileupload/commons-fileupload/1.4/commons-fileupload-1.4.jar:/home/sergio.121131/.m2/repository/commons-io/commons-io/2.2/commons-io-2.2.jar:/home/sergio.121131/.m2/repository/org/springframework/cloud/spring-cloud-commons/2.1.2.RELEASE/spring-cloud-commons-2.1.2.RELEASE.jar:/home/sergio.121131/.m2/repository/org/springframework/security/spring-security-crypto/5.1.6.RELEASE/spring-security-crypto-5.1.6.RELEASE.jar:/home/sergio.121131/.m2/repository/io/github/openfeign/feign-core/10.2.3/feign-core-10.2.3.jar:/home/sergio.121131/.m2/repository/io/github/openfeign/feign-slf4j/10.2.3/feign-slf4j-10.2.3.jar:/home/sergio.121131/.m2/repository/io/github/openfeign/feign-hystrix/10.2.3/feign-hystrix-10.2.3.jar:/home/sergio.121131/.m2/repository/com/netflix/archaius/archaius-core/0.7.6/archaius-core-0.7.6.jar:/home/sergio.121131/.m2/repository/com/google/code/findbugs/jsr305/3.0.1/jsr305-3.0.1.jar:/home/sergio.121131/.m2/repository/commons-configuration/commons-configuration/1.8/commons-configuration-1.8.jar:/home/sergio.121131/.m2/repository/commons-lang/commons-lang/2.6/commons-lang-2.6.jar:/home/sergio.121131/.m2/repository/com/netflix/hystrix/hystrix-core/1.5.18/hystrix-core-1.5.18.jar:/home/sergio.121131/.m2/repository/io/reactivex/rxjava/1.3.8/rxjava-1.3.8.jar:/home/sergio.121131/.m2/repository/io/github/openfeign/feign-httpclient/10.2.3/feign-httpclient-10.2.3.jar:/home/sergio.121131/.m2/repository/org/springframework/boot/spring-boot-starter-test/2.1.8.RELEASE/spring-boot-starter-test-2.1.8.RELEASE.jar:/home/sergio.121131/.m2/repository/org/springframework/boot/spring-boot-test/2.1.8.RELEASE/spring-boot-test-2.1.8.RELEASE.jar:/home/sergio.121131/.m2/repository/org/springframework/boot/spring-boot-test-autoconfigure/2.1.8.RELEASE/spring-boot-test-autoconfigure-2.1.8.RELEASE.jar:/home/sergio.121131/.m2/repository/com/jayway/jsonpath/json-path/2.4.0/json-path-2.4.0.jar:/home/sergio.121131/.m2/repository/net/minidev/json-smart/2.3/json-smart-2.3.jar:/home/sergio.121131/.m2/repository/net/minidev/accessors-smart/1.2/accessors-smart-1.2.jar:/home/sergio.121131/.m2/repository/org/ow2/asm/asm/5.0.4/asm-5.0.4.jar:/home/sergio.121131/.m2/repository/junit/junit/4.12/junit-4.12.jar:/home/sergio.121131/.m2/repository/org/hamcrest/hamcrest-core/1.3/hamcrest-core-1.3.jar:/home/sergio.121131/.m2/repository/org/skyscreamer/jsonassert/1.5.0/jsonassert-1.5.0.jar:/home/sergio.121131/.m2/repository/com/vaadin/external/google/android-json/0.0.20131108.vaadin1/android-json-0.0.20131108.vaadin1.jar:/home/sergio.121131/.m2/repository/org/springframework/spring-core/5.1.9.RELEASE/spring-core-5.1.9.RELEASE.jar:/home/sergio.121131/.m2/repository/org/springframework/spring-jcl/5.1.9.RELEASE/spring-jcl-5.1.9.RELEASE.jar:/home/sergio.121131/.m2/repository/org/springframework/spring-test/5.1.9.RELEASE/spring-test-5.1.9.RELEASE.jar:/home/sergio.121131/.m2/repository/org/xmlunit/xmlunit-core/2.6.3/xmlunit-core-2.6.3.jar:/home/sergio.121131/.m2/repository/javax/xml/bind/jaxb-api/2.3.1/jaxb-api-2.3.1.jar:/home/sergio.121131/.m2/repository/javax/activation/javax.activation-api/1.2.0/javax.activation-api-1.2.0.jar:/home/sergio.121131/.m2/repository/org/junit/jupiter/junit-jupiter-api/5.3.2/junit-jupiter-api-5.3.2.jar:/home/sergio.121131/.m2/repository/org/apiguardian/apiguardian-api/1.0.0/apiguardian-api-1.0.0.jar:/home/sergio.121131/.m2/repository/org/opentest4j/opentest4j/1.1.1/opentest4j-1.1.1.jar:/home/sergio.121131/.m2/repository/org/junit/platform/junit-platform-commons/1.3.2/junit-platform-commons-1.3.2.jar:/home/sergio.121131/.m2/repository/org/junit/jupiter/junit-jupiter-engine/5.3.2/junit-jupiter-engine-5.3.2.jar:/home/sergio.121131/.m2/repository/org/junit/platform/junit-platform-engine/1.3.2/junit-platform-engine-1.3.2.jar:/home/sergio.121131/.m2/repository/org/mockito/mockito-core/3.0.0/mockito-core-3.0.0.jar:/home/sergio.121131/.m2/repository/net/bytebuddy/byte-buddy/1.9.16/byte-buddy-1.9.16.jar:/home/sergio.121131/.m2/repository/net/bytebuddy/byte-buddy-agent/1.9.16/byte-buddy-agent-1.9.16.jar:/home/sergio.121131/.m2/repository/org/objenesis/objenesis/2.6/objenesis-2.6.jar:/home/sergio.121131/.m2/repository/org/mockito/mockito-junit-jupiter/3.0.0/mockito-junit-jupiter-3.0.0.jar:/home/sergio.121131/.m2/repository/org/assertj/assertj-core/3.13.2/assertj-core-3.13.2.jar:/home/sergio.121131/.m2/repository/org/hamcrest/hamcrest-library/2.1/hamcrest-library-2.1.jar:/home/sergio.121131/.m2/repository/org/springframework/boot/spring-boot-starter-hateoas/2.1.8.RELEASE/spring-boot-starter-hateoas-2.1.8.RELEASE.jar:/home/sergio.121131/.m2/repository/org/springframework/hateoas/spring-hateoas/0.25.2.RELEASE/spring-hateoas-0.25.2.RELEASE.jar:/home/sergio.121131/.m2/repository/org/springframework/plugin/spring-plugin-core/1.2.0.RELEASE/spring-plugin-core-1.2.0.RELEASE.jar:/home/sergio.121131/.m2/repository/org/apache/commons/commons-lang3/3.9/commons-lang3-3.9.jar:/home/sergio.121131/.m2/repository/io/springfox/springfox-swagger2/2.9.2/springfox-swagger2-2.9.2.jar:/home/sergio.121131/.m2/repository/io/swagger/swagger-annotations/1.5.20/swagger-annotations-1.5.20.jar:/home/sergio.121131/.m2/repository/io/swagger/swagger-models/1.5.20/swagger-models-1.5.20.jar:/home/sergio.121131/.m2/repository/io/springfox/springfox-spi/2.9.2/springfox-spi-2.9.2.jar:/home/sergio.121131/.m2/repository/io/springfox/springfox-core/2.9.2/springfox-core-2.9.2.jar:/home/sergio.121131/.m2/repository/io/springfox/springfox-schema/2.9.2/springfox-schema-2.9.2.jar:/home/sergio.121131/.m2/repository/io/springfox/springfox-swagger-common/2.9.2/springfox-swagger-common-2.9.2.jar:/home/sergio.121131/.m2/repository/io/springfox/springfox-spring-web/2.9.2/springfox-spring-web-2.9.2.jar:/home/sergio.121131/.m2/repository/com/google/guava/guava/20.0/guava-20.0.jar:/home/sergio.121131/.m2/repository/com/fasterxml/classmate/1.4.0/classmate-1.4.0.jar:/home/sergio.121131/.m2/repository/org/slf4j/slf4j-api/1.7.28/slf4j-api-1.7.28.jar:/home/sergio.121131/.m2/repository/org/springframework/plugin/spring-plugin-metadata/1.2.0.RELEASE/spring-plugin-metadata-1.2.0.RELEASE.jar:/home/sergio.121131/.m2/repository/org/mapstruct/mapstruct/1.2.0.Final/mapstruct-1.2.0.Final.jar:/home/sergio.121131/.m2/repository/io/springfox/springfox-swagger-ui/2.9.2/springfox-swagger-ui-2.9.2.jar:/home/sergio.121131/.m2/repository/br/com/rd/customlibs/observability-lib/1.1.0/observability-lib-1.1.0.jar:/home/sergio.121131/.m2/repository/com/newrelic/agent/java/newrelic-api/5.6.0/newrelic-api-5.6.0.jar:/home/sergio.121131/.m2/repository/io/micrometer/micrometer-registry-new-relic/1.1.6/micrometer-registry-new-relic-1.1.6.jar:/home/sergio.121131/.m2/repository/br/com/rd/customlibs/swagger-lib/1.0.0/swagger-lib-1.0.0.jar:/home/sergio.121131/.m2/repository/org/apache/httpcomponents/httpclient/4.5.8/httpclient-4.5.8.jar:/home/sergio.121131/.m2/repository/org/apache/httpcomponents/httpcore/4.4.12/httpcore-4.4.12.jar:/home/sergio.121131/.m2/repository/commons-codec/commons-codec/1.11/commons-codec-1.11.jar:/home/sergio.121131/.m2/repository/org/springframework/cloud/spring-cloud-starter-kubernetes/1.1.6.RELEASE/spring-cloud-starter-kubernetes-1.1.6.RELEASE.jar:/home/sergio.121131/.m2/repository/org/springframework/cloud/spring-cloud-kubernetes-core/1.0.2.RELEASE/spring-cloud-kubernetes-core-1.0.2.RELEASE.jar:/home/sergio.121131/.m2/repository/io/fabric8/kubernetes-client/4.1.0/kubernetes-client-4.1.0.jar:/home/sergio.121131/.m2/repository/io/fabric8/kubernetes-model/4.1.0/kubernetes-model-4.1.0.jar:/home/sergio.121131/.m2/repository/com/squareup/okhttp3/okhttp/3.8.1/okhttp-3.8.1.jar:/home/sergio.121131/.m2/repository/com/squareup/okio/okio/1.13.0/okio-1.13.0.jar:/home/sergio.121131/.m2/repository/com/squareup/okhttp3/logging-interceptor/3.8.1/logging-interceptor-3.8.1.jar:/home/sergio.121131/.m2/repository/com/fasterxml/jackson/dataformat/jackson-dataformat-yaml/2.9.9/jackson-dataformat-yaml-2.9.9.jar:/home/sergio.121131/.m2/repository/io/fabric8/zjsonpatch/0.3.0/zjsonpatch-0.3.0.jar:/home/sergio.121131/.m2/repository/com/github/mifmif/generex/1.0.1/generex-1.0.1.jar:/home/sergio.121131/.m2/repository/dk/brics/automaton/automaton/1.11-8/automaton-1.11-8.jar:/home/sergio.121131/.m2/repository/org/springframework/cloud/spring-cloud-kubernetes-discovery/1.0.2.RELEASE/spring-cloud-kubernetes-discovery-1.0.2.RELEASE.jar:"/>
    <property name="sun.cpu.endian" value="little"/>
    <property name="user.home" value="/home/sergio.121131"/>
    <property name="user.language" value="pt"/>
    <property name="java.specification.vendor" value="Oracle Corporation"/>
    <property name="java.version.date" value="2021-04-20"/>
    <property name="java.home" value="/usr/lib/jvm/java-11-openjdk-amd64"/>
    <property name="file.separator" value="/"/>
    <property name="basedir" value="/home/sergio.121131/arquitetura/pocs/oms-oauth-server"/>
    <property name="java.vm.compressedOopsMode" value="Zero based"/>
    <property name="line.separator" value="&#10;"/>
    <property name="java.specification.name" value="Java Platform API Specification"/>
    <property name="java.vm.specification.vendor" value="Oracle Corporation"/>
    <property name="java.awt.graphicsenv" value="sun.awt.X11GraphicsEnvironment"/>
    <property name="surefire.real.class.path" value="/home/sergio.121131/arquitetura/pocs/oms-oauth-server/target/surefire/surefirebooter10487644705156013534.jar"/>
    <property name="sun.management.compiler" value="HotSpot 64-Bit Tiered Compilers"/>
    <property name="java.runtime.version" value="11.0.11+9-Ubuntu-0ubuntu2.18.04"/>
    <property name="user.name" value="sergio.121131"/>
    <property name="path.separator" value=":"/>
    <property name="os.version" value="5.4.0-87-generic"/>
    <property name="java.runtime.name" value="OpenJDK Runtime Environment"/>
    <property name="file.encoding" value="UTF-8"/>
    <property name="java.vm.name" value="OpenJDK 64-Bit Server VM"/>
    <property name="localRepository" value="/home/sergio.121131/.m2/repository"/>
    <property name="java.vendor.url.bug" value="https://bugs.launchpad.net/ubuntu/+source/openjdk-lts"/>
    <property name="java.io.tmpdir" value="/tmp"/>
    <property name="java.version" value="11.0.11"/>
    <property name="user.dir" value="/home/sergio.121131/arquitetura/pocs/oms-oauth-server"/>
    <property name="os.arch" value="amd64"/>
    <property name="java.vm.specification.name" value="Java Virtual Machine Specification"/>
    <property name="java.awt.printerjob" value="sun.print.PSPrinterJob"/>
    <property name="sun.os.patch.level" value="unknown"/>
    <property name="java.library.path" value="/usr/java/packages/lib:/usr/lib/x86_64-linux-gnu/jni:/lib/x86_64-linux-gnu:/usr/lib/x86_64-linux-gnu:/usr/lib/jni:/lib:/usr/lib"/>
    <property name="java.vm.info" value="mixed mode, sharing"/>
    <property name="java.vendor" value="Ubuntu"/>
    <property name="java.vm.version" value="11.0.11+9-Ubuntu-0ubuntu2.18.04"/>
    <property name="sun.io.unicode.encoding" value="UnicodeLittle"/>
    <property name="java.class.version" value="55.0"/>
  </properties>
  <testcase name="getMethodTest_whenDo_expectedResult" classname="br.com.rd.authbase.AuthbaseIT" time="0.381"/>
</testsuite>